<?xml version="1.0" encoding="UTF-8"?>
<testng-results ignored="0" total="5" passed="5" failed="0" skipped="0">
  <reporter-output>
  </reporter-output>
  <suite started-at="2024-07-24T12:03:50 IST" name="Surefire suite" finished-at="2024-07-24T12:03:50 IST" duration-ms="122">
    <groups>
    </groups>
    <test started-at="2024-07-24T12:03:50 IST" name="Surefire test" finished-at="2024-07-24T12:03:50 IST" duration-ms="122">
      <class name="Pack2.OrgTest">
        <test-method signature="createorgTest()[pri:0, instance:Pack2.OrgTest@2d778add]" started-at="2024-07-24T12:03:50 IST" name="createorgTest" finished-at="2024-07-24T12:03:50 IST" duration-ms="13" status="PASS">
          <reporter-output>
          </reporter-output>
        </test-method> <!-- createorgTest -->
        <test-method signature="modifyorgTest()[pri:0, instance:Pack2.OrgTest@2d778add]" started-at="2024-07-24T12:03:50 IST" name="modifyorgTest" finished-at="2024-07-24T12:03:50 IST" duration-ms="3" status="PASS">
          <reporter-output>
          </reporter-output>
        </test-method> <!-- modifyorgTest -->
      </class> <!-- Pack2.OrgTest -->
      <class name="Pack1.ContactTest">
        <test-method signature="createcontactTest()[pri:0, instance:Pack1.ContactTest@8e50104]" started-at="2024-07-24T12:03:50 IST" name="createcontactTest" finished-at="2024-07-24T12:03:50 IST" duration-ms="11" status="PASS">
          <reporter-output>
          </reporter-output>
        </test-method> <!-- createcontactTest -->
        <test-method signature="deletecontactTest()[pri:0, instance:Pack1.ContactTest@8e50104]" started-at="2024-07-24T12:03:50 IST" name="deletecontactTest" finished-at="2024-07-24T12:03:50 IST" duration-ms="1" status="PASS">
          <reporter-output>
          </reporter-output>
        </test-method> <!-- deletecontactTest -->
        <test-method signature="modifycontactTest()[pri:0, instance:Pack1.ContactTest@8e50104]" started-at="2024-07-24T12:03:50 IST" name="modifycontactTest" finished-at="2024-07-24T12:03:50 IST" duration-ms="1" status="PASS">
          <reporter-output>
          </reporter-output>
        </test-method> <!-- modifycontactTest -->
      </class> <!-- Pack1.ContactTest -->
    </test> <!-- Surefire test -->
  </suite> <!-- Surefire suite -->
</testng-results>
