<?xml version="1.0" encoding="UTF-8"?>
<testng-results ignored="0" total="2" passed="2" failed="0" skipped="0">
  <reporter-output>
  </reporter-output>
  <suite started-at="2024-07-24T12:03:09 IST" name="Default suite" finished-at="2024-07-24T12:03:09 IST" duration-ms="101">
    <groups>
    </groups>
    <test started-at="2024-07-24T12:03:09 IST" name="Default test" finished-at="2024-07-24T12:03:09 IST" duration-ms="101">
      <class name="Pack2.OrgTest">
        <test-method signature="createorgTest()[pri:0, instance:Pack2.OrgTest@74fe5c40]" started-at="2024-07-24T12:03:09 IST" name="createorgTest" finished-at="2024-07-24T12:03:09 IST" duration-ms="21" status="PASS">
          <reporter-output>
          </reporter-output>
        </test-method> <!-- createorgTest -->
        <test-method signature="modifyorgTest()[pri:0, instance:Pack2.OrgTest@74fe5c40]" started-at="2024-07-24T12:03:09 IST" name="modifyorgTest" finished-at="2024-07-24T12:03:09 IST" duration-ms="3" status="PASS">
          <reporter-output>
          </reporter-output>
        </test-method> <!-- modifyorgTest -->
      </class> <!-- Pack2.OrgTest -->
    </test> <!-- Default test -->
  </suite> <!-- Default suite -->
</testng-results>
